\BOOKMARK [1][-]{section.1}{Introduction}{}% 1
\BOOKMARK [1][-]{section.2}{Related Work}{}% 2
\BOOKMARK [1][-]{section.3}{FogBus framework}{}% 3
\BOOKMARK [2][-]{subsection.3.1}{Hardware Instruments}{section.3}% 4
\BOOKMARK [2][-]{subsection.3.2}{Software components}{section.3}% 5
\BOOKMARK [3][-]{subsubsection.3.2.1}{Broker Service}{subsection.3.2}% 6
\BOOKMARK [3][-]{subsubsection.3.2.2}{Repository Service}{subsection.3.2}% 7
\BOOKMARK [3][-]{subsubsection.3.2.3}{Computing Services}{subsection.3.2}% 8
\BOOKMARK [2][-]{subsection.3.3}{Network Structure}{section.3}% 9
\BOOKMARK [1][-]{section.4}{Implementation}{}% 10
\BOOKMARK [2][-]{subsection.4.1}{System Services}{section.4}% 11
\BOOKMARK [2][-]{subsection.4.2}{Blockchain}{section.4}% 12
\BOOKMARK [2][-]{subsection.4.3}{Cloud Plugin}{section.4}% 13
\BOOKMARK [2][-]{subsection.4.4}{Application}{section.4}% 14
\BOOKMARK [3][-]{subsubsection.4.4.1}{User Interface}{subsection.4.4}% 15
\BOOKMARK [3][-]{subsubsection.4.4.2}{Backend Program}{subsection.4.4}% 16
\BOOKMARK [1][-]{section.5}{A Case Study : Sleep Apnea Analysis}{}% 17
\BOOKMARK [2][-]{subsection.5.1}{System Model}{section.5}% 18
\BOOKMARK [2][-]{subsection.5.2}{Installed Package}{section.5}% 19
\BOOKMARK [3][-]{subsubsection.5.2.1}{Android Interface}{subsection.5.2}% 20
\BOOKMARK [3][-]{subsubsection.5.2.2}{Data Analytic}{subsection.5.2}% 21
\BOOKMARK [2][-]{subsection.5.3}{Sequence of Communication}{section.5}% 22
\BOOKMARK [1][-]{section.6}{Performance Evaluation}{}% 23
\BOOKMARK [2][-]{subsection.6.1}{Experimental Setup}{section.6}% 24
\BOOKMARK [2][-]{subsection.6.2}{Result Analysis}{section.6}% 25
\BOOKMARK [3][-]{subsubsection.6.2.1}{Number of Tasks}{subsection.6.2}% 26
\BOOKMARK [3][-]{subsubsection.6.2.2}{Latency}{subsection.6.2}% 27
\BOOKMARK [3][-]{subsubsection.6.2.3}{Network Usage}{subsection.6.2}% 28
\BOOKMARK [3][-]{subsubsection.6.2.4}{Energy}{subsection.6.2}% 29
\BOOKMARK [3][-]{subsubsection.6.2.5}{CPU, RAM, Cache Usage of Master}{subsection.6.2}% 30
\BOOKMARK [1][-]{section.7}{Conclusion and Future Works}{}% 31
